<?xml version="1.0" encoding="UTF-8"?>
<!-- Generated by org.testng.reporters.JUnitReportReporter -->
<testsuite hostname="Misbas-Air" failures="0" tests="1" name="TestRunner" time="46.556" errors="0" timestamp="2022-11-21T09:06:45 EST" skipped="0">
  <testcase classname="TestRunner" name="runScenario" time="46.556"/>
  <system-out/>
</testsuite> <!-- TestRunner -->
